<?xml version="1.0" encoding="UTF-8"?>
<coverage generated="1567103041397" clover="3.2.0">
  <project timestamp="1567103041397" name="All files">
    <metrics statements="31" coveredstatements="31" conditionals="0" coveredconditionals="0" methods="5" coveredmethods="5" elements="36" coveredelements="36" complexity="0" loc="31" ncloc="31" packages="1" files="3" classes="3"/>
    <file name="Costs.jsx" path="/mnt/c/Users/adiancode/workspace/hrsf122-front-end-capstone/client/src/components/Costs.jsx">
      <metrics statements="6" coveredstatements="6" conditionals="0" coveredconditionals="0" methods="1" coveredmethods="1"/>
      <line num="4" count="1" type="stmt"/>
      <line num="11" count="1" type="stmt"/>
      <line num="13" count="1" type="stmt"/>
      <line num="15" count="1" type="stmt"/>
      <line num="17" count="1" type="stmt"/>
      <line num="28" count="2" type="stmt"/>
    </file>
    <file name="ReservationButton.jsx" path="/mnt/c/Users/adiancode/workspace/hrsf122-front-end-capstone/client/src/components/ReservationButton.jsx">
      <metrics statements="5" coveredstatements="5" conditionals="0" coveredconditionals="0" methods="1" coveredmethods="1"/>
      <line num="4" count="1" type="stmt"/>
      <line num="33" count="1" type="stmt"/>
      <line num="35" count="1" type="stmt"/>
      <line num="47" count="1" type="stmt"/>
      <line num="50" count="2" type="stmt"/>
    </file>
    <file name="Reviews.jsx" path="/mnt/c/Users/adiancode/workspace/hrsf122-front-end-capstone/client/src/components/Reviews.jsx">
      <metrics statements="20" coveredstatements="20" conditionals="0" coveredconditionals="0" methods="3" coveredmethods="3"/>
      <line num="4" count="1" type="stmt"/>
      <line num="13" count="1" type="stmt"/>
      <line num="15" count="1" type="stmt"/>
      <line num="19" count="1" type="stmt"/>
      <line num="22" count="1" type="stmt"/>
      <line num="27" count="1" type="stmt"/>
      <line num="29" count="1" type="stmt"/>
      <line num="34" count="1" type="stmt"/>
      <line num="38" count="3" type="stmt"/>
      <line num="39" count="3" type="stmt"/>
      <line num="40" count="3" type="stmt"/>
      <line num="41" count="3" type="stmt"/>
      <line num="42" count="6" type="stmt"/>
      <line num="43" count="6" type="stmt"/>
      <line num="45" count="3" type="stmt"/>
      <line num="46" count="2" type="stmt"/>
      <line num="47" count="2" type="stmt"/>
      <line num="49" count="3" type="stmt"/>
      <line num="52" count="6" type="stmt"/>
      <line num="53" count="2" type="stmt"/>
    </file>
  </project>
</coverage>
