<?xml version="1.0" encoding="UTF-8"?>
<coverage generated="1567128825145" clover="3.2.0">
  <project timestamp="1567128825146" name="All files">
    <metrics statements="64" coveredstatements="64" conditionals="22" coveredconditionals="22" methods="13" coveredmethods="13" elements="99" coveredelements="99" complexity="0" loc="64" ncloc="64" packages="1" files="4" classes="4"/>
    <file name="Costs.jsx" path="/mnt/c/Users/adiancode/workspace/hrsf122-front-end-capstone/client/src/components/Costs.jsx">
      <metrics statements="6" coveredstatements="6" conditionals="0" coveredconditionals="0" methods="1" coveredmethods="1"/>
      <line num="4" count="1" type="stmt"/>
      <line num="11" count="1" type="stmt"/>
      <line num="13" count="1" type="stmt"/>
      <line num="15" count="1" type="stmt"/>
      <line num="17" count="1" type="stmt"/>
      <line num="28" count="2" type="stmt"/>
    </file>
    <file name="GuestsModal.jsx" path="/mnt/c/Users/adiancode/workspace/hrsf122-front-end-capstone/client/src/components/GuestsModal.jsx">
      <metrics statements="33" coveredstatements="33" conditionals="22" coveredconditionals="22" methods="8" coveredmethods="8"/>
      <line num="4" count="1" type="stmt"/>
      <line num="21" count="1" type="stmt"/>
      <line num="27" count="1" type="stmt"/>
      <line num="34" count="1" type="stmt"/>
      <line num="40" count="1" type="stmt"/>
      <line num="46" count="1" type="stmt"/>
      <line num="49" count="1" type="stmt"/>
      <line num="53" count="1" type="stmt"/>
      <line num="55" count="1" type="stmt"/>
      <line num="61" count="1" type="stmt"/>
      <line num="66" count="1" type="stmt"/>
      <line num="68" count="1" type="stmt"/>
      <line num="85" count="1" type="stmt"/>
      <line num="87" count="1" type="stmt"/>
      <line num="102" count="1" type="stmt"/>
      <line num="109" count="1" type="stmt"/>
      <line num="116" count="1" type="stmt"/>
      <line num="133" count="1" type="stmt"/>
      <line num="136" count="23" type="cond" truecount="2" falsecount="0"/>
      <line num="137" count="2" type="stmt"/>
      <line num="139" count="21" type="stmt"/>
      <line num="140" count="126" type="cond" truecount="4" falsecount="0"/>
      <line num="143" count="84" type="cond" truecount="2" falsecount="0"/>
      <line num="144" count="42" type="cond" truecount="2" falsecount="0"/>
      <line num="145" count="21" type="cond" truecount="2" falsecount="0"/>
      <line num="147" count="21" type="cond" truecount="2" falsecount="0"/>
      <line num="150" count="42" type="cond" truecount="2" falsecount="0"/>
      <line num="151" count="2" type="stmt"/>
      <line num="154" count="42" type="cond" truecount="2" falsecount="0"/>
      <line num="155" count="21" type="cond" truecount="2" falsecount="0"/>
      <line num="157" count="21" type="cond" truecount="2" falsecount="0"/>
      <line num="160" count="21" type="stmt"/>
      <line num="208" count="1" type="stmt"/>
    </file>
    <file name="ReservationButton.jsx" path="/mnt/c/Users/adiancode/workspace/hrsf122-front-end-capstone/client/src/components/ReservationButton.jsx">
      <metrics statements="5" coveredstatements="5" conditionals="0" coveredconditionals="0" methods="1" coveredmethods="1"/>
      <line num="4" count="1" type="stmt"/>
      <line num="33" count="1" type="stmt"/>
      <line num="35" count="1" type="stmt"/>
      <line num="47" count="1" type="stmt"/>
      <line num="50" count="2" type="stmt"/>
    </file>
    <file name="Reviews.jsx" path="/mnt/c/Users/adiancode/workspace/hrsf122-front-end-capstone/client/src/components/Reviews.jsx">
      <metrics statements="20" coveredstatements="20" conditionals="0" coveredconditionals="0" methods="3" coveredmethods="3"/>
      <line num="4" count="1" type="stmt"/>
      <line num="13" count="1" type="stmt"/>
      <line num="15" count="1" type="stmt"/>
      <line num="19" count="1" type="stmt"/>
      <line num="22" count="1" type="stmt"/>
      <line num="27" count="1" type="stmt"/>
      <line num="29" count="1" type="stmt"/>
      <line num="34" count="1" type="stmt"/>
      <line num="38" count="3" type="stmt"/>
      <line num="39" count="3" type="stmt"/>
      <line num="40" count="3" type="stmt"/>
      <line num="41" count="3" type="stmt"/>
      <line num="42" count="6" type="stmt"/>
      <line num="43" count="6" type="stmt"/>
      <line num="45" count="3" type="stmt"/>
      <line num="46" count="2" type="stmt"/>
      <line num="47" count="2" type="stmt"/>
      <line num="49" count="3" type="stmt"/>
      <line num="52" count="6" type="stmt"/>
      <line num="53" count="2" type="stmt"/>
    </file>
  </project>
</coverage>
