{"/mnt/c/Users/adiancode/workspace/hrsf122-front-end-capstone/client/src/components/Costs.jsx": {"path":"/mnt/c/Users/adiancode/workspace/hrsf122-front-end-capstone/client/src/components/Costs.jsx","statementMap":{"0":{"start":{"line":4,"column":20},"end":{"line":10,"column":1}},"1":{"start":{"line":11,"column":0},"end":{"line":11,"column":39}},"2":{"start":{"line":13,"column":23},"end":{"line":14,"column":1}},"3":{"start":{"line":15,"column":0},"end":{"line":15,"column":45}},"4":{"start":{"line":17,"column":18},"end":{"line":25,"column":1}},"5":{"start":{"line":28,"column":2},"end":{"line":33,"column":3}}},"fnMap":{"0":{"name":"Costs","decl":{"start":{"line":27,"column":9},"end":{"line":27,"column":14}},"loc":{"start":{"line":27,"column":23},"end":{"line":34,"column":1}},"line":27}},"branchMap":{},"s":{"0":1,"1":1,"2":1,"3":1,"4":1,"5":2},"f":{"0":2},"b":{},"_coverageSchema":"43e27e138ebf9cfc5966b082cf9a028302ed4184","hash":"3dfb2ea1821a746f93d61fc0ae13e65e02c3745a"}
,"/mnt/c/Users/adiancode/workspace/hrsf122-front-end-capstone/client/src/components/ReservationButton.jsx": {"path":"/mnt/c/Users/adiancode/workspace/hrsf122-front-end-capstone/client/src/components/ReservationButton.jsx","statementMap":{"0":{"start":{"line":4,"column":21},"end":{"line":31,"column":1}},"1":{"start":{"line":33,"column":0},"end":{"line":33,"column":41}},"2":{"start":{"line":35,"column":25},"end":{"line":45,"column":1}},"3":{"start":{"line":47,"column":0},"end":{"line":47,"column":49}},"4":{"start":{"line":50,"column":2},"end":{"line":55,"column":3}}},"fnMap":{"0":{"name":"ReservationButton","decl":{"start":{"line":49,"column":9},"end":{"line":49,"column":26}},"loc":{"start":{"line":49,"column":35},"end":{"line":56,"column":1}},"line":49}},"branchMap":{},"s":{"0":1,"1":1,"2":1,"3":1,"4":2},"f":{"0":2},"b":{},"_coverageSchema":"43e27e138ebf9cfc5966b082cf9a028302ed4184","hash":"b38f6eee0513f85095d198cc345cc50fec062bce"}
,"/mnt/c/Users/adiancode/workspace/hrsf122-front-end-capstone/client/src/components/Reviews.jsx": {"path":"/mnt/c/Users/adiancode/workspace/hrsf122-front-end-capstone/client/src/components/Reviews.jsx","statementMap":{"0":{"start":{"line":4,"column":18},"end":{"line":12,"column":1}},"1":{"start":{"line":13,"column":0},"end":{"line":13,"column":35}},"2":{"start":{"line":15,"column":14},"end":{"line":18,"column":1}},"3":{"start":{"line":19,"column":0},"end":{"line":19,"column":27}},"4":{"start":{"line":22,"column":17},"end":{"line":26,"column":1}},"5":{"start":{"line":27,"column":0},"end":{"line":27,"column":33}},"6":{"start":{"line":29,"column":17},"end":{"line":33,"column":1}},"7":{"start":{"line":34,"column":0},"end":{"line":34,"column":33}},"8":{"start":{"line":38,"column":18},"end":{"line":38,"column":20}},"9":{"start":{"line":39,"column":18},"end":{"line":39,"column":20}},"10":{"start":{"line":40,"column":16},"end":{"line":40,"column":28}},"11":{"start":{"line":41,"column":2},"end":{"line":44,"column":3}},"12":{"start":{"line":42,"column":4},"end":{"line":42,"column":23}},"13":{"start":{"line":43,"column":4},"end":{"line":43,"column":13}},"14":{"start":{"line":45,"column":2},"end":{"line":48,"column":3}},"15":{"start":{"line":46,"column":4},"end":{"line":46,"column":23}},"16":{"start":{"line":47,"column":4},"end":{"line":47,"column":13}},"17":{"start":{"line":49,"column":2},"end":{"line":57,"column":3}},"18":{"start":{"line":52,"column":31},"end":{"line":52,"column":58}},"19":{"start":{"line":53,"column":31},"end":{"line":53,"column":58}}},"fnMap":{"0":{"name":"Reviews","decl":{"start":{"line":36,"column":9},"end":{"line":36,"column":16}},"loc":{"start":{"line":36,"column":25},"end":{"line":58,"column":1}},"line":36},"1":{"name":"(anonymous_1)","decl":{"start":{"line":52,"column":23},"end":{"line":52,"column":24}},"loc":{"start":{"line":52,"column":31},"end":{"line":52,"column":58}},"line":52},"2":{"name":"(anonymous_2)","decl":{"start":{"line":53,"column":23},"end":{"line":53,"column":24}},"loc":{"start":{"line":53,"column":31},"end":{"line":53,"column":58}},"line":53}},"branchMap":{},"s":{"0":1,"1":1,"2":1,"3":1,"4":1,"5":1,"6":1,"7":1,"8":3,"9":3,"10":3,"11":3,"12":6,"13":6,"14":3,"15":2,"16":2,"17":3,"18":6,"19":2},"f":{"0":3,"1":6,"2":2},"b":{},"_coverageSchema":"43e27e138ebf9cfc5966b082cf9a028302ed4184","hash":"c79e7953be1a95951d4fe76dbf68bee3bee184cd"}
}
