{"/mnt/c/Users/adiancode/workspace/hrsf122-front-end-capstone/client/src/components/Costs.jsx": {"path":"/mnt/c/Users/adiancode/workspace/hrsf122-front-end-capstone/client/src/components/Costs.jsx","statementMap":{"0":{"start":{"line":4,"column":20},"end":{"line":10,"column":1}},"1":{"start":{"line":11,"column":0},"end":{"line":11,"column":39}},"2":{"start":{"line":13,"column":23},"end":{"line":14,"column":1}},"3":{"start":{"line":15,"column":0},"end":{"line":15,"column":45}},"4":{"start":{"line":17,"column":18},"end":{"line":25,"column":1}},"5":{"start":{"line":28,"column":2},"end":{"line":33,"column":3}}},"fnMap":{"0":{"name":"Costs","decl":{"start":{"line":27,"column":9},"end":{"line":27,"column":14}},"loc":{"start":{"line":27,"column":23},"end":{"line":34,"column":1}},"line":27}},"branchMap":{},"s":{"0":1,"1":1,"2":1,"3":1,"4":1,"5":2},"f":{"0":2},"b":{},"_coverageSchema":"43e27e138ebf9cfc5966b082cf9a028302ed4184","hash":"3dfb2ea1821a746f93d61fc0ae13e65e02c3745a"}
,"/mnt/c/Users/adiancode/workspace/hrsf122-front-end-capstone/client/src/components/GuestsModal.jsx": {"path":"/mnt/c/Users/adiancode/workspace/hrsf122-front-end-capstone/client/src/components/GuestsModal.jsx","statementMap":{"0":{"start":{"line":4,"column":14},"end":{"line":19,"column":1}},"1":{"start":{"line":21,"column":23},"end":{"line":25,"column":1}},"2":{"start":{"line":27,"column":16},"end":{"line":32,"column":1}},"3":{"start":{"line":34,"column":20},"end":{"line":38,"column":1}},"4":{"start":{"line":40,"column":16},"end":{"line":45,"column":1}},"5":{"start":{"line":46,"column":0},"end":{"line":46,"column":31}},"6":{"start":{"line":49,"column":18},"end":{"line":52,"column":1}},"7":{"start":{"line":53,"column":0},"end":{"line":53,"column":35}},"8":{"start":{"line":55,"column":19},"end":{"line":59,"column":1}},"9":{"start":{"line":61,"column":23},"end":{"line":65,"column":1}},"10":{"start":{"line":66,"column":0},"end":{"line":66,"column":45}},"11":{"start":{"line":68,"column":15},"end":{"line":84,"column":1}},"12":{"start":{"line":85,"column":0},"end":{"line":85,"column":29}},"13":{"start":{"line":87,"column":19},"end":{"line":99,"column":1}},"14":{"start":{"line":102,"column":15},"end":{"line":107,"column":1}},"15":{"start":{"line":109,"column":27},"end":{"line":114,"column":1}},"16":{"start":{"line":116,"column":20},"end":{"line":132,"column":1}},"17":{"start":{"line":133,"column":0},"end":{"line":133,"column":39}},"18":{"start":{"line":136,"column":2},"end":{"line":138,"column":3}},"19":{"start":{"line":137,"column":4},"end":{"line":137,"column":16}},"20":{"start":{"line":139,"column":23},"end":{"line":158,"column":3}},"21":{"start":{"line":140,"column":4},"end":{"line":152,"column":5}},"22":{"start":{"line":143,"column":6},"end":{"line":148,"column":7}},"23":{"start":{"line":144,"column":8},"end":{"line":146,"column":9}},"24":{"start":{"line":145,"column":10},"end":{"line":145,"column":184}},"25":{"start":{"line":145,"column":149},"end":{"line":145,"column":166}},"26":{"start":{"line":147,"column":8},"end":{"line":147,"column":163}},"27":{"start":{"line":147,"column":129},"end":{"line":147,"column":146}},"28":{"start":{"line":150,"column":6},"end":{"line":151,"column":151}},"29":{"start":{"line":151,"column":117},"end":{"line":151,"column":134}},"30":{"start":{"line":154,"column":4},"end":{"line":156,"column":5}},"31":{"start":{"line":155,"column":6},"end":{"line":155,"column":157}},"32":{"start":{"line":155,"column":123},"end":{"line":155,"column":140}},"33":{"start":{"line":157,"column":4},"end":{"line":157,"column":179}},"34":{"start":{"line":157,"column":145},"end":{"line":157,"column":162}},"35":{"start":{"line":160,"column":2},"end":{"line":213,"column":3}},"36":{"start":{"line":208,"column":38},"end":{"line":208,"column":71}}},"fnMap":{"0":{"name":"GuestsModal","decl":{"start":{"line":135,"column":9},"end":{"line":135,"column":20}},"loc":{"start":{"line":135,"column":29},"end":{"line":214,"column":1}},"line":135},"1":{"name":"(anonymous_1)","decl":{"start":{"line":139,"column":23},"end":{"line":139,"column":24}},"loc":{"start":{"line":139,"column":39},"end":{"line":158,"column":3}},"line":139},"2":{"name":"(anonymous_2)","decl":{"start":{"line":145,"column":144},"end":{"line":145,"column":145}},"loc":{"start":{"line":145,"column":149},"end":{"line":145,"column":166}},"line":145},"3":{"name":"(anonymous_3)","decl":{"start":{"line":147,"column":124},"end":{"line":147,"column":125}},"loc":{"start":{"line":147,"column":129},"end":{"line":147,"column":146}},"line":147},"4":{"name":"(anonymous_4)","decl":{"start":{"line":151,"column":112},"end":{"line":151,"column":113}},"loc":{"start":{"line":151,"column":117},"end":{"line":151,"column":134}},"line":151},"5":{"name":"(anonymous_5)","decl":{"start":{"line":155,"column":118},"end":{"line":155,"column":119}},"loc":{"start":{"line":155,"column":123},"end":{"line":155,"column":140}},"line":155},"6":{"name":"(anonymous_6)","decl":{"start":{"line":157,"column":139},"end":{"line":157,"column":140}},"loc":{"start":{"line":157,"column":145},"end":{"line":157,"column":162}},"line":157},"7":{"name":"(anonymous_7)","decl":{"start":{"line":208,"column":32},"end":{"line":208,"column":33}},"loc":{"start":{"line":208,"column":38},"end":{"line":208,"column":71}},"line":208}},"branchMap":{"0":{"loc":{"start":{"line":136,"column":2},"end":{"line":138,"column":3}},"type":"if","locations":[{"start":{"line":136,"column":2},"end":{"line":138,"column":3}},{"start":{"line":136,"column":2},"end":{"line":138,"column":3}}],"line":136},"1":{"loc":{"start":{"line":140,"column":4},"end":{"line":152,"column":5}},"type":"if","locations":[{"start":{"line":140,"column":4},"end":{"line":152,"column":5}},{"start":{"line":140,"column":4},"end":{"line":152,"column":5}}],"line":140},"2":{"loc":{"start":{"line":140,"column":8},"end":{"line":140,"column":60}},"type":"binary-expr","locations":[{"start":{"line":140,"column":8},"end":{"line":140,"column":31}},{"start":{"line":140,"column":35},"end":{"line":140,"column":60}}],"line":140},"3":{"loc":{"start":{"line":143,"column":6},"end":{"line":148,"column":7}},"type":"if","locations":[{"start":{"line":143,"column":6},"end":{"line":148,"column":7}},{"start":{"line":143,"column":6},"end":{"line":148,"column":7}}],"line":143},"4":{"loc":{"start":{"line":144,"column":8},"end":{"line":146,"column":9}},"type":"if","locations":[{"start":{"line":144,"column":8},"end":{"line":146,"column":9}},{"start":{"line":144,"column":8},"end":{"line":146,"column":9}}],"line":144},"5":{"loc":{"start":{"line":145,"column":17},"end":{"line":145,"column":184}},"type":"cond-expr","locations":[{"start":{"line":145,"column":43},"end":{"line":145,"column":96}},{"start":{"line":145,"column":99},"end":{"line":145,"column":184}}],"line":145},"6":{"loc":{"start":{"line":147,"column":15},"end":{"line":147,"column":163}},"type":"cond-expr","locations":[{"start":{"line":147,"column":41},"end":{"line":147,"column":72}},{"start":{"line":147,"column":75},"end":{"line":147,"column":163}}],"line":147},"7":{"loc":{"start":{"line":150,"column":14},"end":{"line":151,"column":151}},"type":"cond-expr","locations":[{"start":{"line":151,"column":7},"end":{"line":151,"column":68}},{"start":{"line":151,"column":71},"end":{"line":151,"column":151}}],"line":150},"8":{"loc":{"start":{"line":154,"column":4},"end":{"line":156,"column":5}},"type":"if","locations":[{"start":{"line":154,"column":4},"end":{"line":156,"column":5}},{"start":{"line":154,"column":4},"end":{"line":156,"column":5}}],"line":154},"9":{"loc":{"start":{"line":155,"column":13},"end":{"line":155,"column":157}},"type":"cond-expr","locations":[{"start":{"line":155,"column":39},"end":{"line":155,"column":70}},{"start":{"line":155,"column":73},"end":{"line":155,"column":157}}],"line":155},"10":{"loc":{"start":{"line":157,"column":11},"end":{"line":157,"column":179}},"type":"cond-expr","locations":[{"start":{"line":157,"column":61},"end":{"line":157,"column":92}},{"start":{"line":157,"column":95},"end":{"line":157,"column":179}}],"line":157}},"s":{"0":1,"1":1,"2":1,"3":1,"4":1,"5":1,"6":1,"7":1,"8":1,"9":1,"10":1,"11":1,"12":1,"13":1,"14":1,"15":1,"16":1,"17":1,"18":23,"19":2,"20":21,"21":126,"22":84,"23":42,"24":21,"25":1,"26":21,"27":1,"28":42,"29":2,"30":42,"31":21,"32":1,"33":21,"34":1,"35":21,"36":1},"f":{"0":23,"1":126,"2":1,"3":1,"4":2,"5":1,"6":1,"7":1},"b":{"0":[2,21],"1":[84,42],"2":[126,84],"3":[42,42],"4":[21,21],"5":[15,6],"6":[15,6],"7":[4,38],"8":[21,21],"9":[13,8],"10":[5,16]},"_coverageSchema":"43e27e138ebf9cfc5966b082cf9a028302ed4184","hash":"7cb7a141b8482a38cadb31d7bb04e7c15be1fe72"}
,"/mnt/c/Users/adiancode/workspace/hrsf122-front-end-capstone/client/src/components/ReservationButton.jsx": {"path":"/mnt/c/Users/adiancode/workspace/hrsf122-front-end-capstone/client/src/components/ReservationButton.jsx","statementMap":{"0":{"start":{"line":4,"column":21},"end":{"line":31,"column":1}},"1":{"start":{"line":33,"column":0},"end":{"line":33,"column":41}},"2":{"start":{"line":35,"column":25},"end":{"line":45,"column":1}},"3":{"start":{"line":47,"column":0},"end":{"line":47,"column":49}},"4":{"start":{"line":50,"column":2},"end":{"line":55,"column":3}}},"fnMap":{"0":{"name":"ReservationButton","decl":{"start":{"line":49,"column":9},"end":{"line":49,"column":26}},"loc":{"start":{"line":49,"column":35},"end":{"line":56,"column":1}},"line":49}},"branchMap":{},"s":{"0":1,"1":1,"2":1,"3":1,"4":2},"f":{"0":2},"b":{},"_coverageSchema":"43e27e138ebf9cfc5966b082cf9a028302ed4184","hash":"b38f6eee0513f85095d198cc345cc50fec062bce"}
,"/mnt/c/Users/adiancode/workspace/hrsf122-front-end-capstone/client/src/components/Reviews.jsx": {"path":"/mnt/c/Users/adiancode/workspace/hrsf122-front-end-capstone/client/src/components/Reviews.jsx","statementMap":{"0":{"start":{"line":4,"column":18},"end":{"line":12,"column":1}},"1":{"start":{"line":13,"column":0},"end":{"line":13,"column":35}},"2":{"start":{"line":15,"column":14},"end":{"line":18,"column":1}},"3":{"start":{"line":19,"column":0},"end":{"line":19,"column":27}},"4":{"start":{"line":22,"column":17},"end":{"line":26,"column":1}},"5":{"start":{"line":27,"column":0},"end":{"line":27,"column":33}},"6":{"start":{"line":29,"column":17},"end":{"line":33,"column":1}},"7":{"start":{"line":34,"column":0},"end":{"line":34,"column":33}},"8":{"start":{"line":38,"column":18},"end":{"line":38,"column":20}},"9":{"start":{"line":39,"column":18},"end":{"line":39,"column":20}},"10":{"start":{"line":40,"column":16},"end":{"line":40,"column":28}},"11":{"start":{"line":41,"column":2},"end":{"line":44,"column":3}},"12":{"start":{"line":42,"column":4},"end":{"line":42,"column":23}},"13":{"start":{"line":43,"column":4},"end":{"line":43,"column":13}},"14":{"start":{"line":45,"column":2},"end":{"line":48,"column":3}},"15":{"start":{"line":46,"column":4},"end":{"line":46,"column":23}},"16":{"start":{"line":47,"column":4},"end":{"line":47,"column":13}},"17":{"start":{"line":49,"column":2},"end":{"line":57,"column":3}},"18":{"start":{"line":52,"column":36},"end":{"line":52,"column":73}},"19":{"start":{"line":53,"column":36},"end":{"line":53,"column":73}}},"fnMap":{"0":{"name":"Reviews","decl":{"start":{"line":36,"column":9},"end":{"line":36,"column":16}},"loc":{"start":{"line":36,"column":25},"end":{"line":58,"column":1}},"line":36},"1":{"name":"(anonymous_1)","decl":{"start":{"line":52,"column":23},"end":{"line":52,"column":24}},"loc":{"start":{"line":52,"column":36},"end":{"line":52,"column":73}},"line":52},"2":{"name":"(anonymous_2)","decl":{"start":{"line":53,"column":23},"end":{"line":53,"column":24}},"loc":{"start":{"line":53,"column":36},"end":{"line":53,"column":73}},"line":53}},"branchMap":{},"s":{"0":1,"1":1,"2":1,"3":1,"4":1,"5":1,"6":1,"7":1,"8":3,"9":3,"10":3,"11":3,"12":6,"13":6,"14":3,"15":2,"16":2,"17":3,"18":6,"19":2},"f":{"0":3,"1":6,"2":2},"b":{},"_coverageSchema":"43e27e138ebf9cfc5966b082cf9a028302ed4184","hash":"cd2df05c349eb36d82a22e63fcda6622b796b315"}
}
