TN:
SF:/mnt/c/Users/adiancode/workspace/hrsf122-front-end-capstone/client/src/components/Costs.jsx
FN:27,Costs
FNF:1
FNH:1
FNDA:2,Costs
DA:4,1
DA:11,1
DA:13,1
DA:15,1
DA:17,1
DA:28,2
LF:6
LH:6
BRF:0
BRH:0
end_of_record
TN:
SF:/mnt/c/Users/adiancode/workspace/hrsf122-front-end-capstone/client/src/components/ReservationButton.jsx
FN:49,ReservationButton
FNF:1
FNH:1
FNDA:2,ReservationButton
DA:4,1
DA:33,1
DA:35,1
DA:47,1
DA:50,2
LF:5
LH:5
BRF:0
BRH:0
end_of_record
TN:
SF:/mnt/c/Users/adiancode/workspace/hrsf122-front-end-capstone/client/src/components/Reviews.jsx
FN:36,Reviews
FN:52,(anonymous_1)
FN:53,(anonymous_2)
FNF:3
FNH:3
FNDA:3,Reviews
FNDA:6,(anonymous_1)
FNDA:2,(anonymous_2)
DA:4,1
DA:13,1
DA:15,1
DA:19,1
DA:22,1
DA:27,1
DA:29,1
DA:34,1
DA:38,3
DA:39,3
DA:40,3
DA:41,3
DA:42,6
DA:43,6
DA:45,3
DA:46,2
DA:47,2
DA:49,3
DA:52,6
DA:53,2
LF:20
LH:20
BRF:0
BRH:0
end_of_record
