TN:
SF:/mnt/c/Users/adiancode/workspace/hrsf122-front-end-capstone/client/src/components/Costs.jsx
FN:27,Costs
FNF:1
FNH:1
FNDA:2,Costs
DA:4,1
DA:11,1
DA:13,1
DA:15,1
DA:17,1
DA:28,2
LF:6
LH:6
BRF:0
BRH:0
end_of_record
TN:
SF:/mnt/c/Users/adiancode/workspace/hrsf122-front-end-capstone/client/src/components/GuestsModal.jsx
FN:135,GuestsModal
FN:139,(anonymous_1)
FN:145,(anonymous_2)
FN:147,(anonymous_3)
FN:151,(anonymous_4)
FN:155,(anonymous_5)
FN:157,(anonymous_6)
FN:208,(anonymous_7)
FNF:8
FNH:8
FNDA:23,GuestsModal
FNDA:126,(anonymous_1)
FNDA:1,(anonymous_2)
FNDA:1,(anonymous_3)
FNDA:2,(anonymous_4)
FNDA:1,(anonymous_5)
FNDA:1,(anonymous_6)
FNDA:1,(anonymous_7)
DA:4,1
DA:21,1
DA:27,1
DA:34,1
DA:40,1
DA:46,1
DA:49,1
DA:53,1
DA:55,1
DA:61,1
DA:66,1
DA:68,1
DA:85,1
DA:87,1
DA:102,1
DA:109,1
DA:116,1
DA:133,1
DA:136,23
DA:137,2
DA:139,21
DA:140,126
DA:143,84
DA:144,42
DA:145,21
DA:147,21
DA:150,42
DA:151,2
DA:154,42
DA:155,21
DA:157,21
DA:160,21
DA:208,1
LF:33
LH:33
BRDA:136,0,0,2
BRDA:136,0,1,21
BRDA:140,1,0,84
BRDA:140,1,1,42
BRDA:140,2,0,126
BRDA:140,2,1,84
BRDA:143,3,0,42
BRDA:143,3,1,42
BRDA:144,4,0,21
BRDA:144,4,1,21
BRDA:145,5,0,15
BRDA:145,5,1,6
BRDA:147,6,0,15
BRDA:147,6,1,6
BRDA:150,7,0,4
BRDA:150,7,1,38
BRDA:154,8,0,21
BRDA:154,8,1,21
BRDA:155,9,0,13
BRDA:155,9,1,8
BRDA:157,10,0,5
BRDA:157,10,1,16
BRF:22
BRH:22
end_of_record
TN:
SF:/mnt/c/Users/adiancode/workspace/hrsf122-front-end-capstone/client/src/components/ReservationButton.jsx
FN:49,ReservationButton
FNF:1
FNH:1
FNDA:2,ReservationButton
DA:4,1
DA:33,1
DA:35,1
DA:47,1
DA:50,2
LF:5
LH:5
BRF:0
BRH:0
end_of_record
TN:
SF:/mnt/c/Users/adiancode/workspace/hrsf122-front-end-capstone/client/src/components/Reviews.jsx
FN:36,Reviews
FN:52,(anonymous_1)
FN:53,(anonymous_2)
FNF:3
FNH:3
FNDA:3,Reviews
FNDA:6,(anonymous_1)
FNDA:2,(anonymous_2)
DA:4,1
DA:13,1
DA:15,1
DA:19,1
DA:22,1
DA:27,1
DA:29,1
DA:34,1
DA:38,3
DA:39,3
DA:40,3
DA:41,3
DA:42,6
DA:43,6
DA:45,3
DA:46,2
DA:47,2
DA:49,3
DA:52,6
DA:53,2
LF:20
LH:20
BRF:0
BRH:0
end_of_record
